 Virtual and density temperatures of air parcels lifted from lowest level
  
p (mb)  Tv (reversible)  Trho (reversible) Tv (pseudoadiabatic)  Trho (pseudoadiabatic)
  964.0          26.21          26.21              26.21              26.21
  936.0          23.71          23.71              23.71              23.71
  925.0          22.71          22.71              22.71              22.71
  909.0          21.24          21.24              21.24              21.24
  903.9          20.76          20.76              20.76              20.76
  872.1          18.38          18.31              18.38              18.38
  850.0          17.33          17.12              17.33              17.33
  841.3          16.91          16.65              16.91              16.91
  818.0          15.76          15.34              15.75              15.75
  811.3          15.42          14.96              15.41              15.41
  792.0          14.42          13.85              14.41              14.41
  782.2          13.90          13.27              13.89              13.89
  754.0          12.37          11.56              12.35              12.35
  726.8          10.82           9.84              10.80              10.80
  700.0           9.23           8.08               9.19               9.19
  674.5           7.64           6.33               7.59               7.59
  649.4           6.00           4.54               5.94               5.94
  625.3           4.35           2.74               4.27               4.27
  610.0           3.26           1.55               3.16               3.16
  601.8           2.66           0.90               2.55               2.55
  556.5          -0.86          -2.89              -1.02              -1.02
  529.0          -3.19          -5.37              -3.39              -3.39
  500.0          -5.83          -8.17              -6.09              -6.09
  483.0          -7.48          -9.91              -7.78              -7.78
  474.3          -8.36         -10.83              -8.68              -8.68
  440.0         -12.04         -14.67             -12.47             -12.47
  419.0         -14.50         -17.22             -15.01             -15.01
  401.9         -16.63         -19.42             -17.22             -17.22
  400.0         -16.87         -19.68             -17.48             -17.48
  385.2         -18.84         -21.69             -19.52             -19.52
  370.0         -20.97         -23.87             -21.74             -21.74
  343.0         -25.07         -28.03             -26.02             -26.02
  309.6         -30.77         -33.78             -32.01             -32.01
  300.0         -32.55         -35.57             -33.89             -33.89
  295.9         -33.33         -36.36             -34.71             -34.71
  250.0         -43.06         -46.06             -44.97             -44.97
  245.4         -44.14         -47.14             -46.10             -46.10
  218.0         -51.02         -53.96             -53.34             -53.34
  212.2         -52.58         -55.50             -54.98             -54.98
  200.0         -55.99         -58.87             -58.56             -58.56
  198.0         -56.56         -59.44             -59.16             -59.16
  180.0         -61.98         -64.79             -64.82             -64.82
  174.7         -63.65         -66.45             -66.58             -66.58
  161.0         -68.18         -70.92             -71.30             -71.30
  158.7         -68.97         -71.70             -72.13             -72.13
  150.0         -72.04         -74.73             -75.32             -75.32
  145.0         -73.87         -76.53             -77.22             -77.22
  121.0         -83.36         -85.90             -87.07             -87.07
  118.9         -84.25         -86.78             -88.00             -88.00
  113.2         -86.74         -89.23             -90.58             -90.58
  106.0         -90.02         -92.47             -93.97             -93.97
  102.6         -91.62         -94.05             -95.63             -95.63
  100.0         -92.88         -95.29             -96.92             -96.92
   98.5         -93.61         -96.01             -97.68             -97.68
   97.6         -94.06         -96.45             -98.14             -98.14
   93.7         -96.02         -98.39            -100.16            -100.16
   87.3         -99.37        -101.70            -103.62            -103.62
   76.2        -105.64        -107.88            -110.08            -110.08
   72.5        -107.88        -110.09            -112.38            -112.38
   70.0        -109.44        -111.63            -113.98            -113.98
   55.2        -119.61        -121.66            -124.41            -124.41
   50.0        -123.66        -125.66            -128.55            -128.55
   44.4        -128.38        -130.32            -133.37            -133.37
   33.2        -139.31        -141.11            -144.50            -144.50
   30.0        -142.93        -144.67            -148.17            -148.17
   27.3        -146.21        -147.90            -151.49            -151.49
   24.2        -150.27        -151.92            -155.60            -155.60
   23.7        -150.96        -152.60            -156.30            -156.30
   20.0        -156.44        -158.00            -161.83            -161.83
   18.3        -159.21        -160.73            -164.61            -164.61
   17.9        -159.89        -161.40            -165.30            -165.30
   17.1        -161.28        -162.77            -166.70            -166.70
   15.6        -164.02        -165.48            -169.45            -169.45
   13.2        -168.83        -170.23            -174.28            -174.28
   11.5        -172.65        -173.99            -178.09            -178.09
   11.3        -173.12        -174.46            -178.57            -178.57
  
  
                    ALL AREAS IN UNITS OF J/kg


 Origin    Rev.    P.A.    Rev.    P.A.    Rev.    P.A.
 p (mb)     PA      PA      NA      NA     CAPE    CAPE    DCAPE
 ------    ----    ----    ----    ----    ----    ----    -----
  964.0  2503.1  3126.4     0.0     0.0  2503.1  3126.4     0.0
  936.0  1779.4  2335.7     7.3     0.7  1772.1  2335.0    35.6
  925.0  1512.8  2039.5    26.4    11.1  1486.4  2028.4    49.3
  909.0  1449.4  1971.8    32.8    16.0  1416.6  1955.8    60.1
  903.9  1356.6  1862.1    39.0    21.0  1317.6  1841.1    66.1
  872.1   822.6  1228.2    85.7    57.9   737.0  1170.2   111.9
  850.0   494.9   835.7   132.6    92.9   362.3   742.8   153.6
  841.3   443.1   768.3   137.8    98.1   305.3   670.2   165.1
  818.0   321.2   623.1   151.3   114.2   169.9   508.8   192.9
  811.3     6.6   123.9   231.2   191.5  -224.6   -67.6   266.3
  792.0     0.0     0.0     0.0     0.0     0.0     0.0   462.0
  782.2     0.0     0.0     0.0     0.0     0.0     0.0   507.4
  754.0     0.0     0.0     0.0     0.0     0.0     0.0   649.7
  726.8     0.0     0.0     0.0     0.0     0.0     0.0   779.5
  700.0     0.0     0.0     0.0     0.0     0.0     0.0   904.7
  674.5     0.0     0.0     0.0     0.0     0.0     0.0   977.5
  649.4     0.0     0.0     0.0     0.0     0.0     0.0  1038.1
  625.3     0.0     0.0     0.0     0.0     0.0     0.0  1089.0
  610.0     0.0     0.0     0.0     0.0     0.0     0.0  1118.0
  601.8     0.0     0.0     0.0     0.0     0.0     0.0  1135.5
  556.5     0.0     0.0     0.0     0.0     0.0     0.0  1239.2
  529.0     0.0     0.0     0.0     0.0     0.0     0.0  1280.8
  500.0     0.0     0.0     0.0     0.0     0.0     0.0  1276.5
  483.0     0.0     0.0     0.0     0.0     0.0     0.0  1292.5
  474.3     0.0     0.0     0.0     0.0     0.0     0.0  1245.9
  440.0     0.4     0.4     0.0     0.0     0.4     0.4  1012.9
  419.0     0.0     0.0     0.0     0.0     0.0     0.0   934.3
  401.9     0.0     0.0     0.0     0.0     0.0     0.0   940.1
  400.0     0.0     0.0     0.0     0.0     0.0     0.0   940.8
  385.2     0.0     0.0     0.0     0.0     0.0     0.0   921.8
  370.0     0.0     0.0     0.0     0.0     0.0     0.0   907.4
  343.0     0.0     0.0     0.0     0.0     0.0     0.0   719.3
  309.6     0.0     0.0     0.0     0.0     0.0     0.0   613.8
  300.0     0.0     0.0     0.0     0.0     0.0     0.0   590.6
  295.9     0.0     0.0     0.0     0.0     0.0     0.0   578.0
  250.0     0.0     0.0     0.0     0.0     0.0     0.0   473.9
  245.4     0.0     0.0     0.0     0.0     0.0     0.0   444.9
  218.0     0.0     0.0     0.0     0.0     0.0     0.0   333.6
  212.2     0.0     0.0     0.0     0.0     0.0     0.0   263.6
  200.0     0.0     0.0     0.0     0.0     0.0     0.0   149.3
  198.0     0.0     0.0     0.0     0.0     0.0     0.0   122.0
  180.0     0.0     0.0     0.0     0.0     0.0     0.0     4.0
  174.7     0.0     0.0     0.0     0.0     0.0     0.0     1.2
  161.0     0.0     0.0     0.0     0.0     0.0     0.0     3.1
  158.7     0.0     0.0     0.0     0.0     0.0     0.0     0.6
  150.0     0.0     0.0     0.0     0.0     0.0     0.0     2.9
  145.0     0.0     0.0     0.0     0.0     0.0     0.0     1.9
  121.0     0.0     0.0     0.0     0.0     0.0     0.0    10.0
  118.9     0.0     0.0     0.0     0.0     0.0     0.0     1.4
  113.2     0.0     0.0     0.0     0.0     0.0     0.0     2.1
  106.0     0.0     0.0     0.0     0.0     0.0     0.0     2.4
  102.6     0.0     0.0     0.0     0.0     0.0     0.0     1.1
  100.0     0.0     0.0     0.0     0.0     0.0     0.0     0.8
   98.5     0.0     0.0     0.0     0.0     0.0     0.0     0.0
   97.6     0.0     0.0     0.0     0.0     0.0     0.0     0.0
   93.7     0.0     0.0     0.0     0.0     0.0     0.0     0.0
   87.3     0.0     0.0     0.0     0.0     0.0     0.0     0.0
   76.2     0.0     0.0     0.0     0.0     0.0     0.0     0.0
   72.5     0.0     0.0     0.0     0.0     0.0     0.0     0.0
   70.0     0.0     0.0     0.0     0.0     0.0     0.0     0.0
   55.2     0.0     0.0     0.0     0.0     0.0     0.0     0.0
   50.0     0.0     0.0     0.0     0.0     0.0     0.0     0.0
   44.4     0.0     0.0     0.0     0.0     0.0     0.0     0.0
   33.2     0.0     0.0     0.0     0.0     0.0     0.0     0.0
   30.0     0.0     0.0     0.0     0.0     0.0     0.0     0.0
   27.3     0.0     0.0     0.0     0.0     0.0     0.0     0.0
   24.2     0.0     0.0     0.0     0.0     0.0     0.0     0.0
   23.7     0.0     0.0     0.0     0.0     0.0     0.0     0.0
   20.0     0.0     0.0     0.0     0.0     0.0     0.0     0.0
   18.3     0.0     0.0     0.0     0.0     0.0     0.0     0.0
   17.9     0.0     0.0     0.0     0.0     0.0     0.0     0.0
   17.1     0.0     0.0     0.0     0.0     0.0     0.0     0.0
   15.6     0.0     0.0     0.0     0.0     0.0     0.0     0.0
   13.2     0.0     0.0     0.0     0.0     0.0     0.0     0.0
   11.5     0.0     0.0     0.0     0.0     0.0     0.0     0.0
   11.3     0.0     0.0     0.0     0.0     0.0     0.0     0.0
